-- The C compiler identification is GNU 9.4.0
-- The CXX compiler identification is GNU 9.4.0
-- Check for working C compiler: /usr/bin/cc
-- Check for working C compiler: /usr/bin/cc -- works
-- Detecting C compiler ABI info
-- Detecting C compiler ABI info - done
-- Detecting C compile features
-- Detecting C compile features - done
-- Check for working CXX compiler: /usr/bin/c++
-- Check for working CXX compiler: /usr/bin/c++ -- works
-- Detecting CXX compiler ABI info
-- Detecting CXX compiler ABI info - done
-- Detecting CXX compile features
-- Detecting CXX compile features - done
-- Found ament_cmake: 1.3.3 (/home/xu/ros2_humble/install/ament_cmake/share/ament_cmake/cmake)
-- Found Python3: /usr/bin/python3.8 (found version "3.8.10") found components: Interpreter 
-- Override CMake install command with custom implementation using symlinks instead of copying resources
-- Found rclcpp: 16.0.3 (/home/xu/ros2_humble/install/rclcpp/share/rclcpp/cmake)
-- Found rosidl_generator_c: 3.1.4 (/home/xu/ros2_humble/install/rosidl_generator_c/share/rosidl_generator_c/cmake)
-- Found rosidl_adapter: 3.1.4 (/home/xu/ros2_humble/install/rosidl_adapter/share/rosidl_adapter/cmake)
-- Found rosidl_generator_cpp: 3.1.4 (/home/xu/ros2_humble/install/rosidl_generator_cpp/share/rosidl_generator_cpp/cmake)
-- Using all available rosidl_typesupport_c: rosidl_typesupport_introspection_c;rosidl_typesupport_fastrtps_c
-- Using all available rosidl_typesupport_cpp: rosidl_typesupport_introspection_cpp;rosidl_typesupport_fastrtps_cpp
-- Found rmw_implementation_cmake: 6.1.1 (/home/xu/ros2_humble/install/rmw_implementation_cmake/share/rmw_implementation_cmake/cmake)
-- Found rmw_fastrtps_cpp: 6.2.2 (/home/xu/ros2_humble/install/rmw_fastrtps_cpp/share/rmw_fastrtps_cpp/cmake)
-- Found OpenSSL: /usr/lib/x86_64-linux-gnu/libcrypto.so (found version "1.1.1f")  
-- Found FastRTPS: /home/xu/ros2_humble/install/fastrtps/include  
-- Using RMW implementation 'rmw_fastrtps_cpp' as default
-- Looking for pthread.h
-- Looking for pthread.h - found
-- Performing Test CMAKE_HAVE_LIBC_PTHREAD
-- Performing Test CMAKE_HAVE_LIBC_PTHREAD - Failed
-- Looking for pthread_create in pthreads
-- Looking for pthread_create in pthreads - not found
-- Looking for pthread_create in pthread
-- Looking for pthread_create in pthread - found
-- Found Threads: TRUE  
-- Found rclpy: 3.3.7 (/home/xu/ros2_humble/install/rclpy/share/rclpy/cmake)
-- Found ament_lint_auto: 0.12.5 (/home/xu/ros2_humble/install/ament_lint_auto/share/ament_lint_auto/cmake)
-- Added test 'lint_cmake' to check CMake code style
-- Added test 'xmllint' to check XML markup files
-- Configuring done
-- Generating done
-- Build files have been written to: /home/xu/Typore笔记/鱼香ROS的ROS2/第二节/demo/build/base_interface_demo
-- Install configuration: ""
-- Execute custom install script
-- Symlinking: /home/xu/Typore笔记/鱼香ROS的ROS2/第二节/demo/install/base_interface_demo/share/ament_index/resource_index/package_run_dependencies/base_interface_demo
-- Symlinking: /home/xu/Typore笔记/鱼香ROS的ROS2/第二节/demo/install/base_interface_demo/share/ament_index/resource_index/parent_prefix_path/base_interface_demo
-- Symlinking: /home/xu/Typore笔记/鱼香ROS的ROS2/第二节/demo/install/base_interface_demo/share/base_interface_demo/environment/ament_prefix_path.sh
-- Symlinking: /home/xu/Typore笔记/鱼香ROS的ROS2/第二节/demo/install/base_interface_demo/share/base_interface_demo/environment/ament_prefix_path.dsv
-- Symlinking: /home/xu/Typore笔记/鱼香ROS的ROS2/第二节/demo/install/base_interface_demo/share/base_interface_demo/environment/path.sh
-- Symlinking: /home/xu/Typore笔记/鱼香ROS的ROS2/第二节/demo/install/base_interface_demo/share/base_interface_demo/environment/path.dsv
-- Symlinking: /home/xu/Typore笔记/鱼香ROS的ROS2/第二节/demo/install/base_interface_demo/share/base_interface_demo/local_setup.bash
-- Symlinking: /home/xu/Typore笔记/鱼香ROS的ROS2/第二节/demo/install/base_interface_demo/share/base_interface_demo/local_setup.sh
-- Symlinking: /home/xu/Typore笔记/鱼香ROS的ROS2/第二节/demo/install/base_interface_demo/share/base_interface_demo/local_setup.zsh
-- Symlinking: /home/xu/Typore笔记/鱼香ROS的ROS2/第二节/demo/install/base_interface_demo/share/base_interface_demo/local_setup.dsv
-- Symlinking: /home/xu/Typore笔记/鱼香ROS的ROS2/第二节/demo/install/base_interface_demo/share/base_interface_demo/package.dsv
-- Symlinking: /home/xu/Typore笔记/鱼香ROS的ROS2/第二节/demo/install/base_interface_demo/share/ament_index/resource_index/packages/base_interface_demo
-- Symlinking: /home/xu/Typore笔记/鱼香ROS的ROS2/第二节/demo/install/base_interface_demo/share/base_interface_demo/cmake/base_interface_demoConfig.cmake
-- Symlinking: /home/xu/Typore笔记/鱼香ROS的ROS2/第二节/demo/install/base_interface_demo/share/base_interface_demo/cmake/base_interface_demoConfig-version.cmake
-- Symlinking: /home/xu/Typore笔记/鱼香ROS的ROS2/第二节/demo/install/base_interface_demo/share/base_interface_demo/package.xml
